"Id":  "MLA843160314", "title" :  "Monitor Dell P2719h Lcd 27  Negro 110v/220v" , "category_id": "MLA14407" , "name" : " Monitores" 
"Id":  "MLA740540307", "title" :  "Servidor Poweredge Dell T40 Xeon E3-1225 8gb 1tb Hd Free Dos" , "category_id": "MLA1649" , "name" : " PC" 
"Id":  "MLA663208480", "title" :  "Notebook Laptop Dell Inspiron I5 16g 256ssd Ubuntu Ram" , "category_id": "MLA1652" , "name" : " Notebooks" 
"Id":  "MLA614270244", "title" :  "Ups Apc 1000va Para Pc Gamer Simil Bx1100 Bv1000i-ar Estabilizador Y Protector De Tension Gtia Oficial 2 Años" , "category_id": "MLA1720" , "name" : " UPS" 
"Id":  "MLA827806651", "title" :  "Pc Dell Optiplex I5 8gb 1tb Win10p + Monitor P2018h 3 Gtias" , "category_id": "MLA1649" , "name" : " PC" 
"Id":  "MLA625205834", "title" :  "Ups Apc 800va 6 T Estabilizador Y Protector De Tension Gtia Oficial 2 Años Bx800 Para Tv, Play, Equipos De Audio" , "category_id": "MLA1720" , "name" : " UPS" 
"Id":  "MLA609550688", "title" :  "Ups Apc Easy 500va Estabilizador Y Protector De Tension Con Ahorro De Energia Gtia Oficial 2 Años" , "category_id": "MLA1720" , "name" : " UPS" 
"Id":  "MLA702423108", "title" :  "Pc De Escritorio Dell I5 8gb Hd 1tb Win10 Pro Vostro Ram Para Uso Hogar Y Empresa - Garantia Oficial" , "category_id": "MLA1649" , "name" : " PC" 
"Id":  "MLA619999038", "title" :  "Ups Apc 550va 3 Tomas Gtia Oficial 2 Años Estabilizador Y Protector De Tension Con Ahorro De Energia" , "category_id": "MLA1720" , "name" : " UPS" 
"Id":  "MLA837842655", "title" :  "Notebook Dell Inspiron I7 256ssd 32gb 15.6 W10 Gforce Oferta" , "category_id": "MLA1652" , "name" : " Notebooks" 
"Id":  "MLA689148569", "title" :  "Switch 8 Bocas Cisco 8 Puertos 10/100mbps Para Hogar Y Empresa - Garantia Oficial - Factura A Y B" , "category_id": "MLA1708" , "name" : " Switches" 
"Id":  "MLA800415301", "title" :  "Servidor Dell T140 Xeon E3-2124 16gb 2tb Reemplazo T130" , "category_id": "MLA1649" , "name" : " PC" 
"Id":  "MLA762122266", "title" :  "Dock Universal Dell D6000 Usb A 3.0 Tipo C Hdmi Display Port" , "category_id": "MLA3581" , "name" : " Docking Stations y Replicators" 
"Id":  "MLA833393643", "title" :  "Notebook Laptop Dell Inspiron I5 10g 8g 256gb Ubuntu Oferta" , "category_id": "MLA1652" , "name" : " Notebooks" 
"Id":  "MLA838441150", "title" :  "Servidor Poweredge Dell T40 Xeon E3-2224 16gb 1tb Hd Gtia" , "category_id": "MLA1649" , "name" : " PC" 
"Id":  "MLA609116302", "title" :  "Ups Apc 1500va Con Ahorro De Energa Estabilizador Y Protector De Tension Gtia Oficial Ideal Para Uso Gamer" , "category_id": "MLA1720" , "name" : " UPS" 
"Id":  "MLA609115444", "title" :  "Ups Apc De Alto Rendimiento 1200va Estabilizador Y Protector De Tension Garantía Oficial De 2 Años Ups" , "category_id": "MLA1720" , "name" : " UPS" 
"Id":  "MLA763012088", "title" :  "Monitor Dell 24 Profesional P2419h 1080 60hz Vertical" , "category_id": "MLA14407" , "name" : " Monitores" 
"Id":  "MLA836303021", "title" :  "Notebook Dell Latitude I5 16gb 256ssd 14 Win10 Pro Ram" , "category_id": "MLA1652" , "name" : " Notebooks" 
"Id":  "MLA872001640", "title" :  "Pc Vostro Dell I5 8gb Hd 1tb Win10p + Monitor Cuotas" , "category_id": "MLA1649" , "name" : " PC" 
"Id":  "MLA806652269", "title" :  "Monitor Dell 27 Profesional P2719h 1080 60hz Vertical Fhd" , "category_id": "MLA14407" , "name" : " Monitores" 
"Id":  "MLA846968526", "title" :  "Ups Apc Bv1000 Estabilza Y Protege Tensión Entrega Inmediata" , "category_id": "MLA1720" , "name" : " UPS" 
"Id":  "MLA697896424", "title" :  "Pc Dell Optiplex Ssf I5 8gb 1tb Win10pro 3 Años Gtía Ram" , "category_id": "MLA1649" , "name" : " PC" 
"Id":  "MLA812781294", "title" :  "Notebook Dell Vostro I5 16gb 256ssd 14hd Win10 Profesional" , "category_id": "MLA1652" , "name" : " Notebooks" 
"Id":  "MLA604317175", "title" :  "Ups Apc 800va 6 Tomas Estabilizador Y Protector De Tension Gtia Oficial De 2 Años Para Gamer Bx800 Para Tv, Play" , "category_id": "MLA1720" , "name" : " UPS" 
"Id":  "MLA839086917", "title" :  "Router Linksys Ea8300 Tri Band Wifi Ac2200 Mu-mino Oferta" , "category_id": "MLA430901" , "name" : " Routers" 
"Id":  "MLA862050665", "title" :  "Servidor Poweredge Dell T40 Intel E3-2224 16gb 1tb Hd Cuotas" , "category_id": "MLA1649" , "name" : " PC" 
"Id":  "MLA677347584", "title" :  "Notebook Dell Inspiron I3 8gb 1tb 14 Win 10 Teclado Con Ñ Garantia De Tienda Oficial - Factura A Y B Ram" , "category_id": "MLA1652" , "name" : " Notebooks" 
"Id":  "MLA846965428", "title" :  "Ups Apc Bv500 Estabilizador Protector Tension Entreg Inmedit" , "category_id": "MLA1720" , "name" : " UPS" 
"Id":  "MLA814217735", "title" :  "Servidor Dell T140 Xeon E3-2124 32gb 4tb Reemplazo T130" , "category_id": "MLA1649" , "name" : " PC" 
"Id":  "MLA620000215", "title" :  "Router Wifi Linksys Dual Band 2 Antenas Usb 3.0 Conectar Equipos De Hogar Y Empresas Gtia Oficial  Factura A Y B" , "category_id": "MLA430901" , "name" : " Routers" 
"Id":  "MLA870125549", "title" :  "Notebook Laptop Dell Inspiron I5 16g 256ssd + 1tb Ubuntu Ram" , "category_id": "MLA1652" , "name" : " Notebooks" 
"Id":  "MLA685442543", "title" :  "Switch Cisco Sg110-24 24 Puertos Gigabit Rack (ex. Sg100-24)" , "category_id": "MLA1708" , "name" : " Switches" 
"Id":  "MLA723629779", "title" :  "Notebook Dell Vostro I5 14 8g 256ssd Win10 Pro Teclado Con Ñ Gtia De Tienda Oficial - Factura A Y B" , "category_id": "MLA1652" , "name" : " Notebooks" 
"Id":  "MLA654228009", "title" :  "Pc Dell Optiplex Intel I5 4gb 1tb Windows 10 Pro Oferta" , "category_id": "MLA1649" , "name" : " PC" 
"Id":  "MLA659248541", "title" :  "Monitor Gamer Hd Dell Led Profesional 20 Dp Vertical" , "category_id": "MLA14407" , "name" : " Monitores" 
"Id":  "MLA673321805", "title" :  "Ups Apc 1500va Estabilizador Y Protector De Tension - Alto Rendimiento Para Pc De Hogar Y Oficina Gtia 2años" , "category_id": "MLA1720" , "name" : " UPS" 
"Id":  "MLA834430429", "title" :  "Notebook Dell Inspiron I7 256ssd + 480ssd 16gb W10gforce " , "category_id": "MLA1652" , "name" : " Notebooks" 
"Id":  "MLA665986505", "title" :  "Servidor Dell T140 Xeon E3-2124 16gb 2tb Reemplazo T130" , "category_id": "MLA1649" , "name" : " PC" 
"Id":  "MLA609714710", "title" :  "Ups Apc 900va Back-ups 6 Tomas Estabilizador Y Protector De Tension Gtia Oficial 2años Br900 Para Tv, Play, Pc" , "category_id": "MLA1720" , "name" : " UPS" 
"Id":  "MLA619242948", "title" :  "Router Wifi Linksys Dual Band 600mbps 802.11n Usb" , "category_id": "MLA430901" , "name" : " Routers" 
"Id":  "MLA857018527", "title" :  "Notebook Laptop Dell Inspiron I5 16g 256ssd Ubuntu Ram" , "category_id": "MLA1652" , "name" : " Notebooks" 
"Id":  "MLA665048554", "title" :  "Escaner Kodak Scanmate I940 Portatil De Mano Duplex 20ppm" , "category_id": "MLA72721" , "name" : " Scanners" 
"Id":  "MLA604049998", "title" :  "Ups Apc Easy Bv650i-ar 650va Gtia Oficial 2 Años Bv650" , "category_id": "MLA1720" , "name" : " UPS" 
"Id":  "MLA723753317", "title" :  "Ups Apc Br900g-ar 900va 6 Tomas Estabilizador Gtia 2 Años" , "category_id": "MLA1720" , "name" : " UPS" 
"Id":  "MLA868125083", "title" :  "Switch Cisco Sf110d-16 16 Puertos 10/100 Escritorio" , "category_id": "MLA1708" , "name" : " Switches" 
"Id":  "MLA609714711", "title" :  "Ups Apc Back-ups Pro 550va 230 Estabilizador Y Protector De Tensión Con Ahorro De Energia Gtia Oficial Br550" , "category_id": "MLA1720" , "name" : " UPS" 
"Id":  "MLA863064747", "title" :  "Router Linksys Wifi Ea7300 Mimo Smart Router Ac1750" , "category_id": "MLA430901" , "name" : " Routers" 
"Id":  "MLA859898732", "title" :  "Switch Cisco Semi Admin 24 Puertos 10/100 2 Giga Sf220-24-k9" , "category_id": "MLA1708" , "name" : " Switches" 
"Id":  "MLA814166024", "title" :  "Notebook Dell Inspiron I7 256ssd 8gb 15.6 W10 Gforce Oferta" , "category_id": "MLA1652" , "name" : " Notebooks" 
